2022-08-23 21:11:34 [ERROR] [31m 	Invalid user agent detected as PostmanRuntime/7.29.2 400 Error: Invalid user agent detected as PostmanRuntime/7.29.2
    at Function.invalidProperty (C:\Users\User\OneDrive\Desktop\insie-winsie project file\insie-winsie\server\errors\ApiError.js:21:12)
    at validateSource (C:\Users\User\OneDrive\Desktop\insie-winsie project file\insie-winsie\server\middlewares\source.js:27:19)
    at Layer.handle [as handle_request] (C:\Users\User\OneDrive\Desktop\insie-winsie project file\insie-winsie\server\node_modules\express\lib\router\layer.js:95:5)
    at trim_prefix (C:\Users\User\OneDrive\Desktop\insie-winsie project file\insie-winsie\server\node_modules\express\lib\router\index.js:328:13)
    at C:\Users\User\OneDrive\Desktop\insie-winsie project file\insie-winsie\server\node_modules\express\lib\router\index.js:286:9
    at Function.process_params (C:\Users\User\OneDrive\Desktop\insie-winsie project file\insie-winsie\server\node_modules\express\lib\router\index.js:346:12)
    at next (C:\Users\User\OneDrive\Desktop\insie-winsie project file\insie-winsie\server\node_modules\express\lib\router\index.js:280:10)
    at internalNext (C:\Users\User\OneDrive\Desktop\insie-winsie project file\insie-winsie\server\node_modules\helmet\dist\cjs\index.js:451:6)
    at xXssProtectionMiddleware (C:\Users\User\OneDrive\Desktop\insie-winsie project file\insie-winsie\server\node_modules\helmet\dist\cjs\index.js:330:3)
    at internalNext (C:\Users\User\OneDrive\Desktop\insie-winsie project file\insie-winsie\server\node_modules\helmet\dist\cjs\index.js:449:6)[0m
2022-08-23 21:11:47 [ERROR] [31m 	Invalid user agent detected as PostmanRuntime/7.29.2 400 Error: Invalid user agent detected as PostmanRuntime/7.29.2
    at Function.invalidProperty (C:\Users\User\OneDrive\Desktop\insie-winsie project file\insie-winsie\server\errors\ApiError.js:21:12)
    at validateSource (C:\Users\User\OneDrive\Desktop\insie-winsie project file\insie-winsie\server\middlewares\source.js:27:19)
    at Layer.handle [as handle_request] (C:\Users\User\OneDrive\Desktop\insie-winsie project file\insie-winsie\server\node_modules\express\lib\router\layer.js:95:5)
    at trim_prefix (C:\Users\User\OneDrive\Desktop\insie-winsie project file\insie-winsie\server\node_modules\express\lib\router\index.js:328:13)
    at C:\Users\User\OneDrive\Desktop\insie-winsie project file\insie-winsie\server\node_modules\express\lib\router\index.js:286:9
    at Function.process_params (C:\Users\User\OneDrive\Desktop\insie-winsie project file\insie-winsie\server\node_modules\express\lib\router\index.js:346:12)
    at next (C:\Users\User\OneDrive\Desktop\insie-winsie project file\insie-winsie\server\node_modules\express\lib\router\index.js:280:10)
    at internalNext (C:\Users\User\OneDrive\Desktop\insie-winsie project file\insie-winsie\server\node_modules\helmet\dist\cjs\index.js:451:6)
    at xXssProtectionMiddleware (C:\Users\User\OneDrive\Desktop\insie-winsie project file\insie-winsie\server\node_modules\helmet\dist\cjs\index.js:330:3)
    at internalNext (C:\Users\User\OneDrive\Desktop\insie-winsie project file\insie-winsie\server\node_modules\helmet\dist\cjs\index.js:449:6)[0m
2022-08-23 21:12:03 [ERROR] [31m 	Invalid user agent detected as curl/7.83.1 400 Error: Invalid user agent detected as curl/7.83.1
    at Function.invalidProperty (C:\Users\User\OneDrive\Desktop\insie-winsie project file\insie-winsie\server\errors\ApiError.js:21:12)
    at validateSource (C:\Users\User\OneDrive\Desktop\insie-winsie project file\insie-winsie\server\middlewares\source.js:27:19)
    at Layer.handle [as handle_request] (C:\Users\User\OneDrive\Desktop\insie-winsie project file\insie-winsie\server\node_modules\express\lib\router\layer.js:95:5)
    at trim_prefix (C:\Users\User\OneDrive\Desktop\insie-winsie project file\insie-winsie\server\node_modules\express\lib\router\index.js:328:13)
    at C:\Users\User\OneDrive\Desktop\insie-winsie project file\insie-winsie\server\node_modules\express\lib\router\index.js:286:9
    at Function.process_params (C:\Users\User\OneDrive\Desktop\insie-winsie project file\insie-winsie\server\node_modules\express\lib\router\index.js:346:12)
    at next (C:\Users\User\OneDrive\Desktop\insie-winsie project file\insie-winsie\server\node_modules\express\lib\router\index.js:280:10)
    at internalNext (C:\Users\User\OneDrive\Desktop\insie-winsie project file\insie-winsie\server\node_modules\helmet\dist\cjs\index.js:451:6)
    at xXssProtectionMiddleware (C:\Users\User\OneDrive\Desktop\insie-winsie project file\insie-winsie\server\node_modules\helmet\dist\cjs\index.js:330:3)
    at internalNext (C:\Users\User\OneDrive\Desktop\insie-winsie project file\insie-winsie\server\node_modules\helmet\dist\cjs\index.js:449:6)[0m
2022-08-23 21:12:44 [ERROR] [31m 	No origin found in request headers. 404 Error: No origin found in request headers.
    at Function.notFound (C:\Users\User\OneDrive\Desktop\insie-winsie project file\insie-winsie\server\errors\ApiError.js:17:12)
    at validateSource (C:\Users\User\OneDrive\Desktop\insie-winsie project file\insie-winsie\server\middlewares\source.js:32:19)
    at Layer.handle [as handle_request] (C:\Users\User\OneDrive\Desktop\insie-winsie project file\insie-winsie\server\node_modules\express\lib\router\layer.js:95:5)
    at trim_prefix (C:\Users\User\OneDrive\Desktop\insie-winsie project file\insie-winsie\server\node_modules\express\lib\router\index.js:328:13)
    at C:\Users\User\OneDrive\Desktop\insie-winsie project file\insie-winsie\server\node_modules\express\lib\router\index.js:286:9
    at Function.process_params (C:\Users\User\OneDrive\Desktop\insie-winsie project file\insie-winsie\server\node_modules\express\lib\router\index.js:346:12)
    at next (C:\Users\User\OneDrive\Desktop\insie-winsie project file\insie-winsie\server\node_modules\express\lib\router\index.js:280:10)
    at internalNext (C:\Users\User\OneDrive\Desktop\insie-winsie project file\insie-winsie\server\node_modules\helmet\dist\cjs\index.js:451:6)
    at xXssProtectionMiddleware (C:\Users\User\OneDrive\Desktop\insie-winsie project file\insie-winsie\server\node_modules\helmet\dist\cjs\index.js:330:3)
    at internalNext (C:\Users\User\OneDrive\Desktop\insie-winsie project file\insie-winsie\server\node_modules\helmet\dist\cjs\index.js:449:6)[0m
2022-08-23 21:12:44 [ERROR] [31m 	No origin found in request headers. 404 Error: No origin found in request headers.
    at Function.notFound (C:\Users\User\OneDrive\Desktop\insie-winsie project file\insie-winsie\server\errors\ApiError.js:17:12)
    at validateSource (C:\Users\User\OneDrive\Desktop\insie-winsie project file\insie-winsie\server\middlewares\source.js:32:19)
    at Layer.handle [as handle_request] (C:\Users\User\OneDrive\Desktop\insie-winsie project file\insie-winsie\server\node_modules\express\lib\router\layer.js:95:5)
    at trim_prefix (C:\Users\User\OneDrive\Desktop\insie-winsie project file\insie-winsie\server\node_modules\express\lib\router\index.js:328:13)
    at C:\Users\User\OneDrive\Desktop\insie-winsie project file\insie-winsie\server\node_modules\express\lib\router\index.js:286:9
    at Function.process_params (C:\Users\User\OneDrive\Desktop\insie-winsie project file\insie-winsie\server\node_modules\express\lib\router\index.js:346:12)
    at next (C:\Users\User\OneDrive\Desktop\insie-winsie project file\insie-winsie\server\node_modules\express\lib\router\index.js:280:10)
    at internalNext (C:\Users\User\OneDrive\Desktop\insie-winsie project file\insie-winsie\server\node_modules\helmet\dist\cjs\index.js:451:6)
    at xXssProtectionMiddleware (C:\Users\User\OneDrive\Desktop\insie-winsie project file\insie-winsie\server\node_modules\helmet\dist\cjs\index.js:330:3)
    at internalNext (C:\Users\User\OneDrive\Desktop\insie-winsie project file\insie-winsie\server\node_modules\helmet\dist\cjs\index.js:449:6)[0m
2022-08-23 21:12:44 [ERROR] [31m 	No origin found in request headers. 404 Error: No origin found in request headers.
    at Function.notFound (C:\Users\User\OneDrive\Desktop\insie-winsie project file\insie-winsie\server\errors\ApiError.js:17:12)
    at validateSource (C:\Users\User\OneDrive\Desktop\insie-winsie project file\insie-winsie\server\middlewares\source.js:32:19)
    at Layer.handle [as handle_request] (C:\Users\User\OneDrive\Desktop\insie-winsie project file\insie-winsie\server\node_modules\express\lib\router\layer.js:95:5)
    at trim_prefix (C:\Users\User\OneDrive\Desktop\insie-winsie project file\insie-winsie\server\node_modules\express\lib\router\index.js:328:13)
    at C:\Users\User\OneDrive\Desktop\insie-winsie project file\insie-winsie\server\node_modules\express\lib\router\index.js:286:9
    at Function.process_params (C:\Users\User\OneDrive\Desktop\insie-winsie project file\insie-winsie\server\node_modules\express\lib\router\index.js:346:12)
    at next (C:\Users\User\OneDrive\Desktop\insie-winsie project file\insie-winsie\server\node_modules\express\lib\router\index.js:280:10)
    at internalNext (C:\Users\User\OneDrive\Desktop\insie-winsie project file\insie-winsie\server\node_modules\helmet\dist\cjs\index.js:451:6)
    at xXssProtectionMiddleware (C:\Users\User\OneDrive\Desktop\insie-winsie project file\insie-winsie\server\node_modules\helmet\dist\cjs\index.js:330:3)
    at internalNext (C:\Users\User\OneDrive\Desktop\insie-winsie project file\insie-winsie\server\node_modules\helmet\dist\cjs\index.js:449:6)[0m
2022-08-23 21:12:44 [ERROR] [31m 	No origin found in request headers. 404 Error: No origin found in request headers.
    at Function.notFound (C:\Users\User\OneDrive\Desktop\insie-winsie project file\insie-winsie\server\errors\ApiError.js:17:12)
    at validateSource (C:\Users\User\OneDrive\Desktop\insie-winsie project file\insie-winsie\server\middlewares\source.js:32:19)
    at Layer.handle [as handle_request] (C:\Users\User\OneDrive\Desktop\insie-winsie project file\insie-winsie\server\node_modules\express\lib\router\layer.js:95:5)
    at trim_prefix (C:\Users\User\OneDrive\Desktop\insie-winsie project file\insie-winsie\server\node_modules\express\lib\router\index.js:328:13)
    at C:\Users\User\OneDrive\Desktop\insie-winsie project file\insie-winsie\server\node_modules\express\lib\router\index.js:286:9
    at Function.process_params (C:\Users\User\OneDrive\Desktop\insie-winsie project file\insie-winsie\server\node_modules\express\lib\router\index.js:346:12)
    at next (C:\Users\User\OneDrive\Desktop\insie-winsie project file\insie-winsie\server\node_modules\express\lib\router\index.js:280:10)
    at internalNext (C:\Users\User\OneDrive\Desktop\insie-winsie project file\insie-winsie\server\node_modules\helmet\dist\cjs\index.js:451:6)
    at xXssProtectionMiddleware (C:\Users\User\OneDrive\Desktop\insie-winsie project file\insie-winsie\server\node_modules\helmet\dist\cjs\index.js:330:3)
    at internalNext (C:\Users\User\OneDrive\Desktop\insie-winsie project file\insie-winsie\server\node_modules\helmet\dist\cjs\index.js:449:6)[0m
2022-08-23 21:12:44 [ERROR] [31m 	No origin found in request headers. 404 Error: No origin found in request headers.
    at Function.notFound (C:\Users\User\OneDrive\Desktop\insie-winsie project file\insie-winsie\server\errors\ApiError.js:17:12)
    at validateSource (C:\Users\User\OneDrive\Desktop\insie-winsie project file\insie-winsie\server\middlewares\source.js:32:19)
    at Layer.handle [as handle_request] (C:\Users\User\OneDrive\Desktop\insie-winsie project file\insie-winsie\server\node_modules\express\lib\router\layer.js:95:5)
    at trim_prefix (C:\Users\User\OneDrive\Desktop\insie-winsie project file\insie-winsie\server\node_modules\express\lib\router\index.js:328:13)
    at C:\Users\User\OneDrive\Desktop\insie-winsie project file\insie-winsie\server\node_modules\express\lib\router\index.js:286:9
    at Function.process_params (C:\Users\User\OneDrive\Desktop\insie-winsie project file\insie-winsie\server\node_modules\express\lib\router\index.js:346:12)
    at next (C:\Users\User\OneDrive\Desktop\insie-winsie project file\insie-winsie\server\node_modules\express\lib\router\index.js:280:10)
    at internalNext (C:\Users\User\OneDrive\Desktop\insie-winsie project file\insie-winsie\server\node_modules\helmet\dist\cjs\index.js:451:6)
    at xXssProtectionMiddleware (C:\Users\User\OneDrive\Desktop\insie-winsie project file\insie-winsie\server\node_modules\helmet\dist\cjs\index.js:330:3)
    at internalNext (C:\Users\User\OneDrive\Desktop\insie-winsie project file\insie-winsie\server\node_modules\helmet\dist\cjs\index.js:449:6)[0m
2022-08-23 21:12:49 [ERROR] [31m 	No origin found in request headers. 404 Error: No origin found in request headers.
    at Function.notFound (C:\Users\User\OneDrive\Desktop\insie-winsie project file\insie-winsie\server\errors\ApiError.js:17:12)
    at validateSource (C:\Users\User\OneDrive\Desktop\insie-winsie project file\insie-winsie\server\middlewares\source.js:32:19)
    at Layer.handle [as handle_request] (C:\Users\User\OneDrive\Desktop\insie-winsie project file\insie-winsie\server\node_modules\express\lib\router\layer.js:95:5)
    at trim_prefix (C:\Users\User\OneDrive\Desktop\insie-winsie project file\insie-winsie\server\node_modules\express\lib\router\index.js:328:13)
    at C:\Users\User\OneDrive\Desktop\insie-winsie project file\insie-winsie\server\node_modules\express\lib\router\index.js:286:9
    at Function.process_params (C:\Users\User\OneDrive\Desktop\insie-winsie project file\insie-winsie\server\node_modules\express\lib\router\index.js:346:12)
    at next (C:\Users\User\OneDrive\Desktop\insie-winsie project file\insie-winsie\server\node_modules\express\lib\router\index.js:280:10)
    at internalNext (C:\Users\User\OneDrive\Desktop\insie-winsie project file\insie-winsie\server\node_modules\helmet\dist\cjs\index.js:451:6)
    at xXssProtectionMiddleware (C:\Users\User\OneDrive\Desktop\insie-winsie project file\insie-winsie\server\node_modules\helmet\dist\cjs\index.js:330:3)
    at internalNext (C:\Users\User\OneDrive\Desktop\insie-winsie project file\insie-winsie\server\node_modules\helmet\dist\cjs\index.js:449:6)[0m
2022-08-23 21:12:49 [ERROR] [31m 	No origin found in request headers. 404 Error: No origin found in request headers.
    at Function.notFound (C:\Users\User\OneDrive\Desktop\insie-winsie project file\insie-winsie\server\errors\ApiError.js:17:12)
    at validateSource (C:\Users\User\OneDrive\Desktop\insie-winsie project file\insie-winsie\server\middlewares\source.js:32:19)
    at Layer.handle [as handle_request] (C:\Users\User\OneDrive\Desktop\insie-winsie project file\insie-winsie\server\node_modules\express\lib\router\layer.js:95:5)
    at trim_prefix (C:\Users\User\OneDrive\Desktop\insie-winsie project file\insie-winsie\server\node_modules\express\lib\router\index.js:328:13)
    at C:\Users\User\OneDrive\Desktop\insie-winsie project file\insie-winsie\server\node_modules\express\lib\router\index.js:286:9
    at Function.process_params (C:\Users\User\OneDrive\Desktop\insie-winsie project file\insie-winsie\server\node_modules\express\lib\router\index.js:346:12)
    at next (C:\Users\User\OneDrive\Desktop\insie-winsie project file\insie-winsie\server\node_modules\express\lib\router\index.js:280:10)
    at internalNext (C:\Users\User\OneDrive\Desktop\insie-winsie project file\insie-winsie\server\node_modules\helmet\dist\cjs\index.js:451:6)
    at xXssProtectionMiddleware (C:\Users\User\OneDrive\Desktop\insie-winsie project file\insie-winsie\server\node_modules\helmet\dist\cjs\index.js:330:3)
    at internalNext (C:\Users\User\OneDrive\Desktop\insie-winsie project file\insie-winsie\server\node_modules\helmet\dist\cjs\index.js:449:6)[0m
2022-08-23 21:12:49 [ERROR] [31m 	No origin found in request headers. 404 Error: No origin found in request headers.
    at Function.notFound (C:\Users\User\OneDrive\Desktop\insie-winsie project file\insie-winsie\server\errors\ApiError.js:17:12)
    at validateSource (C:\Users\User\OneDrive\Desktop\insie-winsie project file\insie-winsie\server\middlewares\source.js:32:19)
    at Layer.handle [as handle_request] (C:\Users\User\OneDrive\Desktop\insie-winsie project file\insie-winsie\server\node_modules\express\lib\router\layer.js:95:5)
    at trim_prefix (C:\Users\User\OneDrive\Desktop\insie-winsie project file\insie-winsie\server\node_modules\express\lib\router\index.js:328:13)
    at C:\Users\User\OneDrive\Desktop\insie-winsie project file\insie-winsie\server\node_modules\express\lib\router\index.js:286:9
    at Function.process_params (C:\Users\User\OneDrive\Desktop\insie-winsie project file\insie-winsie\server\node_modules\express\lib\router\index.js:346:12)
    at next (C:\Users\User\OneDrive\Desktop\insie-winsie project file\insie-winsie\server\node_modules\express\lib\router\index.js:280:10)
    at internalNext (C:\Users\User\OneDrive\Desktop\insie-winsie project file\insie-winsie\server\node_modules\helmet\dist\cjs\index.js:451:6)
    at xXssProtectionMiddleware (C:\Users\User\OneDrive\Desktop\insie-winsie project file\insie-winsie\server\node_modules\helmet\dist\cjs\index.js:330:3)
    at internalNext (C:\Users\User\OneDrive\Desktop\insie-winsie project file\insie-winsie\server\node_modules\helmet\dist\cjs\index.js:449:6)[0m
2022-08-23 21:12:49 [ERROR] [31m 	No origin found in request headers. 404 Error: No origin found in request headers.
    at Function.notFound (C:\Users\User\OneDrive\Desktop\insie-winsie project file\insie-winsie\server\errors\ApiError.js:17:12)
    at validateSource (C:\Users\User\OneDrive\Desktop\insie-winsie project file\insie-winsie\server\middlewares\source.js:32:19)
    at Layer.handle [as handle_request] (C:\Users\User\OneDrive\Desktop\insie-winsie project file\insie-winsie\server\node_modules\express\lib\router\layer.js:95:5)
    at trim_prefix (C:\Users\User\OneDrive\Desktop\insie-winsie project file\insie-winsie\server\node_modules\express\lib\router\index.js:328:13)
    at C:\Users\User\OneDrive\Desktop\insie-winsie project file\insie-winsie\server\node_modules\express\lib\router\index.js:286:9
    at Function.process_params (C:\Users\User\OneDrive\Desktop\insie-winsie project file\insie-winsie\server\node_modules\express\lib\router\index.js:346:12)
    at next (C:\Users\User\OneDrive\Desktop\insie-winsie project file\insie-winsie\server\node_modules\express\lib\router\index.js:280:10)
    at internalNext (C:\Users\User\OneDrive\Desktop\insie-winsie project file\insie-winsie\server\node_modules\helmet\dist\cjs\index.js:451:6)
    at xXssProtectionMiddleware (C:\Users\User\OneDrive\Desktop\insie-winsie project file\insie-winsie\server\node_modules\helmet\dist\cjs\index.js:330:3)
    at internalNext (C:\Users\User\OneDrive\Desktop\insie-winsie project file\insie-winsie\server\node_modules\helmet\dist\cjs\index.js:449:6)[0m
2022-08-23 21:12:49 [ERROR] [31m 	No origin found in request headers. 404 Error: No origin found in request headers.
    at Function.notFound (C:\Users\User\OneDrive\Desktop\insie-winsie project file\insie-winsie\server\errors\ApiError.js:17:12)
    at validateSource (C:\Users\User\OneDrive\Desktop\insie-winsie project file\insie-winsie\server\middlewares\source.js:32:19)
    at Layer.handle [as handle_request] (C:\Users\User\OneDrive\Desktop\insie-winsie project file\insie-winsie\server\node_modules\express\lib\router\layer.js:95:5)
    at trim_prefix (C:\Users\User\OneDrive\Desktop\insie-winsie project file\insie-winsie\server\node_modules\express\lib\router\index.js:328:13)
    at C:\Users\User\OneDrive\Desktop\insie-winsie project file\insie-winsie\server\node_modules\express\lib\router\index.js:286:9
    at Function.process_params (C:\Users\User\OneDrive\Desktop\insie-winsie project file\insie-winsie\server\node_modules\express\lib\router\index.js:346:12)
    at next (C:\Users\User\OneDrive\Desktop\insie-winsie project file\insie-winsie\server\node_modules\express\lib\router\index.js:280:10)
    at internalNext (C:\Users\User\OneDrive\Desktop\insie-winsie project file\insie-winsie\server\node_modules\helmet\dist\cjs\index.js:451:6)
    at xXssProtectionMiddleware (C:\Users\User\OneDrive\Desktop\insie-winsie project file\insie-winsie\server\node_modules\helmet\dist\cjs\index.js:330:3)
    at internalNext (C:\Users\User\OneDrive\Desktop\insie-winsie project file\insie-winsie\server\node_modules\helmet\dist\cjs\index.js:449:6)[0m
2022-08-23 21:13:07 [ERROR] [31m 	No origin found in request headers. 404 Error: No origin found in request headers.
    at Function.notFound (C:\Users\User\OneDrive\Desktop\insie-winsie project file\insie-winsie\server\errors\ApiError.js:17:12)
    at validateSource (C:\Users\User\OneDrive\Desktop\insie-winsie project file\insie-winsie\server\middlewares\source.js:32:19)
    at Layer.handle [as handle_request] (C:\Users\User\OneDrive\Desktop\insie-winsie project file\insie-winsie\server\node_modules\express\lib\router\layer.js:95:5)
    at trim_prefix (C:\Users\User\OneDrive\Desktop\insie-winsie project file\insie-winsie\server\node_modules\express\lib\router\index.js:328:13)
    at C:\Users\User\OneDrive\Desktop\insie-winsie project file\insie-winsie\server\node_modules\express\lib\router\index.js:286:9
    at Function.process_params (C:\Users\User\OneDrive\Desktop\insie-winsie project file\insie-winsie\server\node_modules\express\lib\router\index.js:346:12)
    at next (C:\Users\User\OneDrive\Desktop\insie-winsie project file\insie-winsie\server\node_modules\express\lib\router\index.js:280:10)
    at internalNext (C:\Users\User\OneDrive\Desktop\insie-winsie project file\insie-winsie\server\node_modules\helmet\dist\cjs\index.js:451:6)
    at xXssProtectionMiddleware (C:\Users\User\OneDrive\Desktop\insie-winsie project file\insie-winsie\server\node_modules\helmet\dist\cjs\index.js:330:3)
    at internalNext (C:\Users\User\OneDrive\Desktop\insie-winsie project file\insie-winsie\server\node_modules\helmet\dist\cjs\index.js:449:6)[0m
2022-08-23 21:13:07 [ERROR] [31m 	No origin found in request headers. 404 Error: No origin found in request headers.
    at Function.notFound (C:\Users\User\OneDrive\Desktop\insie-winsie project file\insie-winsie\server\errors\ApiError.js:17:12)
    at validateSource (C:\Users\User\OneDrive\Desktop\insie-winsie project file\insie-winsie\server\middlewares\source.js:32:19)
    at Layer.handle [as handle_request] (C:\Users\User\OneDrive\Desktop\insie-winsie project file\insie-winsie\server\node_modules\express\lib\router\layer.js:95:5)
    at trim_prefix (C:\Users\User\OneDrive\Desktop\insie-winsie project file\insie-winsie\server\node_modules\express\lib\router\index.js:328:13)
    at C:\Users\User\OneDrive\Desktop\insie-winsie project file\insie-winsie\server\node_modules\express\lib\router\index.js:286:9
    at Function.process_params (C:\Users\User\OneDrive\Desktop\insie-winsie project file\insie-winsie\server\node_modules\express\lib\router\index.js:346:12)
    at next (C:\Users\User\OneDrive\Desktop\insie-winsie project file\insie-winsie\server\node_modules\express\lib\router\index.js:280:10)
    at internalNext (C:\Users\User\OneDrive\Desktop\insie-winsie project file\insie-winsie\server\node_modules\helmet\dist\cjs\index.js:451:6)
    at xXssProtectionMiddleware (C:\Users\User\OneDrive\Desktop\insie-winsie project file\insie-winsie\server\node_modules\helmet\dist\cjs\index.js:330:3)
    at internalNext (C:\Users\User\OneDrive\Desktop\insie-winsie project file\insie-winsie\server\node_modules\helmet\dist\cjs\index.js:449:6)[0m
2022-08-23 21:13:07 [ERROR] [31m 	No origin found in request headers. 404 Error: No origin found in request headers.
    at Function.notFound (C:\Users\User\OneDrive\Desktop\insie-winsie project file\insie-winsie\server\errors\ApiError.js:17:12)
    at validateSource (C:\Users\User\OneDrive\Desktop\insie-winsie project file\insie-winsie\server\middlewares\source.js:32:19)
    at Layer.handle [as handle_request] (C:\Users\User\OneDrive\Desktop\insie-winsie project file\insie-winsie\server\node_modules\express\lib\router\layer.js:95:5)
    at trim_prefix (C:\Users\User\OneDrive\Desktop\insie-winsie project file\insie-winsie\server\node_modules\express\lib\router\index.js:328:13)
    at C:\Users\User\OneDrive\Desktop\insie-winsie project file\insie-winsie\server\node_modules\express\lib\router\index.js:286:9
    at Function.process_params (C:\Users\User\OneDrive\Desktop\insie-winsie project file\insie-winsie\server\node_modules\express\lib\router\index.js:346:12)
    at next (C:\Users\User\OneDrive\Desktop\insie-winsie project file\insie-winsie\server\node_modules\express\lib\router\index.js:280:10)
    at internalNext (C:\Users\User\OneDrive\Desktop\insie-winsie project file\insie-winsie\server\node_modules\helmet\dist\cjs\index.js:451:6)
    at xXssProtectionMiddleware (C:\Users\User\OneDrive\Desktop\insie-winsie project file\insie-winsie\server\node_modules\helmet\dist\cjs\index.js:330:3)
    at internalNext (C:\Users\User\OneDrive\Desktop\insie-winsie project file\insie-winsie\server\node_modules\helmet\dist\cjs\index.js:449:6)[0m
2022-08-23 21:13:14 [ERROR] [31m 	No origin found in request headers. 404 Error: No origin found in request headers.
    at Function.notFound (C:\Users\User\OneDrive\Desktop\insie-winsie project file\insie-winsie\server\errors\ApiError.js:17:12)
    at validateSource (C:\Users\User\OneDrive\Desktop\insie-winsie project file\insie-winsie\server\middlewares\source.js:32:19)
    at Layer.handle [as handle_request] (C:\Users\User\OneDrive\Desktop\insie-winsie project file\insie-winsie\server\node_modules\express\lib\router\layer.js:95:5)
    at trim_prefix (C:\Users\User\OneDrive\Desktop\insie-winsie project file\insie-winsie\server\node_modules\express\lib\router\index.js:328:13)
    at C:\Users\User\OneDrive\Desktop\insie-winsie project file\insie-winsie\server\node_modules\express\lib\router\index.js:286:9
    at Function.process_params (C:\Users\User\OneDrive\Desktop\insie-winsie project file\insie-winsie\server\node_modules\express\lib\router\index.js:346:12)
    at next (C:\Users\User\OneDrive\Desktop\insie-winsie project file\insie-winsie\server\node_modules\express\lib\router\index.js:280:10)
    at internalNext (C:\Users\User\OneDrive\Desktop\insie-winsie project file\insie-winsie\server\node_modules\helmet\dist\cjs\index.js:451:6)
    at xXssProtectionMiddleware (C:\Users\User\OneDrive\Desktop\insie-winsie project file\insie-winsie\server\node_modules\helmet\dist\cjs\index.js:330:3)
    at internalNext (C:\Users\User\OneDrive\Desktop\insie-winsie project file\insie-winsie\server\node_modules\helmet\dist\cjs\index.js:449:6)[0m
2022-08-23 21:13:14 [ERROR] [31m 	No origin found in request headers. 404 Error: No origin found in request headers.
    at Function.notFound (C:\Users\User\OneDrive\Desktop\insie-winsie project file\insie-winsie\server\errors\ApiError.js:17:12)
    at validateSource (C:\Users\User\OneDrive\Desktop\insie-winsie project file\insie-winsie\server\middlewares\source.js:32:19)
    at Layer.handle [as handle_request] (C:\Users\User\OneDrive\Desktop\insie-winsie project file\insie-winsie\server\node_modules\express\lib\router\layer.js:95:5)
    at trim_prefix (C:\Users\User\OneDrive\Desktop\insie-winsie project file\insie-winsie\server\node_modules\express\lib\router\index.js:328:13)
    at C:\Users\User\OneDrive\Desktop\insie-winsie project file\insie-winsie\server\node_modules\express\lib\router\index.js:286:9
    at Function.process_params (C:\Users\User\OneDrive\Desktop\insie-winsie project file\insie-winsie\server\node_modules\express\lib\router\index.js:346:12)
    at next (C:\Users\User\OneDrive\Desktop\insie-winsie project file\insie-winsie\server\node_modules\express\lib\router\index.js:280:10)
    at internalNext (C:\Users\User\OneDrive\Desktop\insie-winsie project file\insie-winsie\server\node_modules\helmet\dist\cjs\index.js:451:6)
    at xXssProtectionMiddleware (C:\Users\User\OneDrive\Desktop\insie-winsie project file\insie-winsie\server\node_modules\helmet\dist\cjs\index.js:330:3)
    at internalNext (C:\Users\User\OneDrive\Desktop\insie-winsie project file\insie-winsie\server\node_modules\helmet\dist\cjs\index.js:449:6)[0m
2022-08-23 21:13:14 [ERROR] [31m 	No origin found in request headers. 404 Error: No origin found in request headers.
    at Function.notFound (C:\Users\User\OneDrive\Desktop\insie-winsie project file\insie-winsie\server\errors\ApiError.js:17:12)
    at validateSource (C:\Users\User\OneDrive\Desktop\insie-winsie project file\insie-winsie\server\middlewares\source.js:32:19)
    at Layer.handle [as handle_request] (C:\Users\User\OneDrive\Desktop\insie-winsie project file\insie-winsie\server\node_modules\express\lib\router\layer.js:95:5)
    at trim_prefix (C:\Users\User\OneDrive\Desktop\insie-winsie project file\insie-winsie\server\node_modules\express\lib\router\index.js:328:13)
    at C:\Users\User\OneDrive\Desktop\insie-winsie project file\insie-winsie\server\node_modules\express\lib\router\index.js:286:9
    at Function.process_params (C:\Users\User\OneDrive\Desktop\insie-winsie project file\insie-winsie\server\node_modules\express\lib\router\index.js:346:12)
    at next (C:\Users\User\OneDrive\Desktop\insie-winsie project file\insie-winsie\server\node_modules\express\lib\router\index.js:280:10)
    at internalNext (C:\Users\User\OneDrive\Desktop\insie-winsie project file\insie-winsie\server\node_modules\helmet\dist\cjs\index.js:451:6)
    at xXssProtectionMiddleware (C:\Users\User\OneDrive\Desktop\insie-winsie project file\insie-winsie\server\node_modules\helmet\dist\cjs\index.js:330:3)
    at internalNext (C:\Users\User\OneDrive\Desktop\insie-winsie project file\insie-winsie\server\node_modules\helmet\dist\cjs\index.js:449:6)[0m
2022-08-23 21:13:14 [ERROR] [31m 	No origin found in request headers. 404 Error: No origin found in request headers.
    at Function.notFound (C:\Users\User\OneDrive\Desktop\insie-winsie project file\insie-winsie\server\errors\ApiError.js:17:12)
    at validateSource (C:\Users\User\OneDrive\Desktop\insie-winsie project file\insie-winsie\server\middlewares\source.js:32:19)
    at Layer.handle [as handle_request] (C:\Users\User\OneDrive\Desktop\insie-winsie project file\insie-winsie\server\node_modules\express\lib\router\layer.js:95:5)
    at trim_prefix (C:\Users\User\OneDrive\Desktop\insie-winsie project file\insie-winsie\server\node_modules\express\lib\router\index.js:328:13)
    at C:\Users\User\OneDrive\Desktop\insie-winsie project file\insie-winsie\server\node_modules\express\lib\router\index.js:286:9
    at Function.process_params (C:\Users\User\OneDrive\Desktop\insie-winsie project file\insie-winsie\server\node_modules\express\lib\router\index.js:346:12)
    at next (C:\Users\User\OneDrive\Desktop\insie-winsie project file\insie-winsie\server\node_modules\express\lib\router\index.js:280:10)
    at internalNext (C:\Users\User\OneDrive\Desktop\insie-winsie project file\insie-winsie\server\node_modules\helmet\dist\cjs\index.js:451:6)
    at xXssProtectionMiddleware (C:\Users\User\OneDrive\Desktop\insie-winsie project file\insie-winsie\server\node_modules\helmet\dist\cjs\index.js:330:3)
    at internalNext (C:\Users\User\OneDrive\Desktop\insie-winsie project file\insie-winsie\server\node_modules\helmet\dist\cjs\index.js:449:6)[0m
2022-08-23 21:13:14 [ERROR] [31m 	No origin found in request headers. 404 Error: No origin found in request headers.
    at Function.notFound (C:\Users\User\OneDrive\Desktop\insie-winsie project file\insie-winsie\server\errors\ApiError.js:17:12)
    at validateSource (C:\Users\User\OneDrive\Desktop\insie-winsie project file\insie-winsie\server\middlewares\source.js:32:19)
    at Layer.handle [as handle_request] (C:\Users\User\OneDrive\Desktop\insie-winsie project file\insie-winsie\server\node_modules\express\lib\router\layer.js:95:5)
    at trim_prefix (C:\Users\User\OneDrive\Desktop\insie-winsie project file\insie-winsie\server\node_modules\express\lib\router\index.js:328:13)
    at C:\Users\User\OneDrive\Desktop\insie-winsie project file\insie-winsie\server\node_modules\express\lib\router\index.js:286:9
    at Function.process_params (C:\Users\User\OneDrive\Desktop\insie-winsie project file\insie-winsie\server\node_modules\express\lib\router\index.js:346:12)
    at next (C:\Users\User\OneDrive\Desktop\insie-winsie project file\insie-winsie\server\node_modules\express\lib\router\index.js:280:10)
    at internalNext (C:\Users\User\OneDrive\Desktop\insie-winsie project file\insie-winsie\server\node_modules\helmet\dist\cjs\index.js:451:6)
    at xXssProtectionMiddleware (C:\Users\User\OneDrive\Desktop\insie-winsie project file\insie-winsie\server\node_modules\helmet\dist\cjs\index.js:330:3)
    at internalNext (C:\Users\User\OneDrive\Desktop\insie-winsie project file\insie-winsie\server\node_modules\helmet\dist\cjs\index.js:449:6)[0m
2022-08-23 21:13:14 [ERROR] [31m 	No origin found in request headers. 404 Error: No origin found in request headers.
    at Function.notFound (C:\Users\User\OneDrive\Desktop\insie-winsie project file\insie-winsie\server\errors\ApiError.js:17:12)
    at validateSource (C:\Users\User\OneDrive\Desktop\insie-winsie project file\insie-winsie\server\middlewares\source.js:32:19)
    at Layer.handle [as handle_request] (C:\Users\User\OneDrive\Desktop\insie-winsie project file\insie-winsie\server\node_modules\express\lib\router\layer.js:95:5)
    at trim_prefix (C:\Users\User\OneDrive\Desktop\insie-winsie project file\insie-winsie\server\node_modules\express\lib\router\index.js:328:13)
    at C:\Users\User\OneDrive\Desktop\insie-winsie project file\insie-winsie\server\node_modules\express\lib\router\index.js:286:9
    at Function.process_params (C:\Users\User\OneDrive\Desktop\insie-winsie project file\insie-winsie\server\node_modules\express\lib\router\index.js:346:12)
    at next (C:\Users\User\OneDrive\Desktop\insie-winsie project file\insie-winsie\server\node_modules\express\lib\router\index.js:280:10)
    at internalNext (C:\Users\User\OneDrive\Desktop\insie-winsie project file\insie-winsie\server\node_modules\helmet\dist\cjs\index.js:451:6)
    at xXssProtectionMiddleware (C:\Users\User\OneDrive\Desktop\insie-winsie project file\insie-winsie\server\node_modules\helmet\dist\cjs\index.js:330:3)
    at internalNext (C:\Users\User\OneDrive\Desktop\insie-winsie project file\insie-winsie\server\node_modules\helmet\dist\cjs\index.js:449:6)[0m
2022-08-23 21:13:14 [ERROR] [31m 	No origin found in request headers. 404 Error: No origin found in request headers.
    at Function.notFound (C:\Users\User\OneDrive\Desktop\insie-winsie project file\insie-winsie\server\errors\ApiError.js:17:12)
    at validateSource (C:\Users\User\OneDrive\Desktop\insie-winsie project file\insie-winsie\server\middlewares\source.js:32:19)
    at Layer.handle [as handle_request] (C:\Users\User\OneDrive\Desktop\insie-winsie project file\insie-winsie\server\node_modules\express\lib\router\layer.js:95:5)
    at trim_prefix (C:\Users\User\OneDrive\Desktop\insie-winsie project file\insie-winsie\server\node_modules\express\lib\router\index.js:328:13)
    at C:\Users\User\OneDrive\Desktop\insie-winsie project file\insie-winsie\server\node_modules\express\lib\router\index.js:286:9
    at Function.process_params (C:\Users\User\OneDrive\Desktop\insie-winsie project file\insie-winsie\server\node_modules\express\lib\router\index.js:346:12)
    at next (C:\Users\User\OneDrive\Desktop\insie-winsie project file\insie-winsie\server\node_modules\express\lib\router\index.js:280:10)
    at internalNext (C:\Users\User\OneDrive\Desktop\insie-winsie project file\insie-winsie\server\node_modules\helmet\dist\cjs\index.js:451:6)
    at xXssProtectionMiddleware (C:\Users\User\OneDrive\Desktop\insie-winsie project file\insie-winsie\server\node_modules\helmet\dist\cjs\index.js:330:3)
    at internalNext (C:\Users\User\OneDrive\Desktop\insie-winsie project file\insie-winsie\server\node_modules\helmet\dist\cjs\index.js:449:6)[0m
2022-08-23 21:18:22 [ERROR] [31m 	logger is not defined undefined ReferenceError: logger is not defined
    at validateSource (C:\Users\User\OneDrive\Desktop\insie-winsie project file\insie-winsie\server\middlewares\source.js:41:3)
    at Layer.handle [as handle_request] (C:\Users\User\OneDrive\Desktop\insie-winsie project file\insie-winsie\server\node_modules\express\lib\router\layer.js:95:5)
    at trim_prefix (C:\Users\User\OneDrive\Desktop\insie-winsie project file\insie-winsie\server\node_modules\express\lib\router\index.js:328:13)
    at C:\Users\User\OneDrive\Desktop\insie-winsie project file\insie-winsie\server\node_modules\express\lib\router\index.js:286:9
    at Function.process_params (C:\Users\User\OneDrive\Desktop\insie-winsie project file\insie-winsie\server\node_modules\express\lib\router\index.js:346:12)
    at next (C:\Users\User\OneDrive\Desktop\insie-winsie project file\insie-winsie\server\node_modules\express\lib\router\index.js:280:10)
    at internalNext (C:\Users\User\OneDrive\Desktop\insie-winsie project file\insie-winsie\server\node_modules\helmet\dist\cjs\index.js:451:6)
    at xXssProtectionMiddleware (C:\Users\User\OneDrive\Desktop\insie-winsie project file\insie-winsie\server\node_modules\helmet\dist\cjs\index.js:330:3)
    at internalNext (C:\Users\User\OneDrive\Desktop\insie-winsie project file\insie-winsie\server\node_modules\helmet\dist\cjs\index.js:449:6)
    at referrerPolicyMiddleware (C:\Users\User\OneDrive\Desktop\insie-winsie project file\insie-winsie\server\node_modules\helmet\dist\cjs\index.js:221:3)[0m
2022-08-23 21:18:22 [ERROR] [31m 	logger is not defined undefined ReferenceError: logger is not defined
    at validateSource (C:\Users\User\OneDrive\Desktop\insie-winsie project file\insie-winsie\server\middlewares\source.js:41:3)
    at Layer.handle [as handle_request] (C:\Users\User\OneDrive\Desktop\insie-winsie project file\insie-winsie\server\node_modules\express\lib\router\layer.js:95:5)
    at trim_prefix (C:\Users\User\OneDrive\Desktop\insie-winsie project file\insie-winsie\server\node_modules\express\lib\router\index.js:328:13)
    at C:\Users\User\OneDrive\Desktop\insie-winsie project file\insie-winsie\server\node_modules\express\lib\router\index.js:286:9
    at Function.process_params (C:\Users\User\OneDrive\Desktop\insie-winsie project file\insie-winsie\server\node_modules\express\lib\router\index.js:346:12)
    at next (C:\Users\User\OneDrive\Desktop\insie-winsie project file\insie-winsie\server\node_modules\express\lib\router\index.js:280:10)
    at internalNext (C:\Users\User\OneDrive\Desktop\insie-winsie project file\insie-winsie\server\node_modules\helmet\dist\cjs\index.js:451:6)
    at xXssProtectionMiddleware (C:\Users\User\OneDrive\Desktop\insie-winsie project file\insie-winsie\server\node_modules\helmet\dist\cjs\index.js:330:3)
    at internalNext (C:\Users\User\OneDrive\Desktop\insie-winsie project file\insie-winsie\server\node_modules\helmet\dist\cjs\index.js:449:6)
    at referrerPolicyMiddleware (C:\Users\User\OneDrive\Desktop\insie-winsie project file\insie-winsie\server\node_modules\helmet\dist\cjs\index.js:221:3)[0m
2022-08-23 21:18:22 [ERROR] [31m 	logger is not defined undefined ReferenceError: logger is not defined
    at validateSource (C:\Users\User\OneDrive\Desktop\insie-winsie project file\insie-winsie\server\middlewares\source.js:41:3)
    at Layer.handle [as handle_request] (C:\Users\User\OneDrive\Desktop\insie-winsie project file\insie-winsie\server\node_modules\express\lib\router\layer.js:95:5)
    at trim_prefix (C:\Users\User\OneDrive\Desktop\insie-winsie project file\insie-winsie\server\node_modules\express\lib\router\index.js:328:13)
    at C:\Users\User\OneDrive\Desktop\insie-winsie project file\insie-winsie\server\node_modules\express\lib\router\index.js:286:9
    at Function.process_params (C:\Users\User\OneDrive\Desktop\insie-winsie project file\insie-winsie\server\node_modules\express\lib\router\index.js:346:12)
    at next (C:\Users\User\OneDrive\Desktop\insie-winsie project file\insie-winsie\server\node_modules\express\lib\router\index.js:280:10)
    at internalNext (C:\Users\User\OneDrive\Desktop\insie-winsie project file\insie-winsie\server\node_modules\helmet\dist\cjs\index.js:451:6)
    at xXssProtectionMiddleware (C:\Users\User\OneDrive\Desktop\insie-winsie project file\insie-winsie\server\node_modules\helmet\dist\cjs\index.js:330:3)
    at internalNext (C:\Users\User\OneDrive\Desktop\insie-winsie project file\insie-winsie\server\node_modules\helmet\dist\cjs\index.js:449:6)
    at referrerPolicyMiddleware (C:\Users\User\OneDrive\Desktop\insie-winsie project file\insie-winsie\server\node_modules\helmet\dist\cjs\index.js:221:3)[0m
2022-08-23 21:20:05 [ERROR] [31m 	No origin found in request headers. 404 Error: No origin found in request headers.
    at Function.notFound (C:\Users\User\OneDrive\Desktop\insie-winsie project file\insie-winsie\server\errors\ApiError.js:17:12)
    at validateSource (C:\Users\User\OneDrive\Desktop\insie-winsie project file\insie-winsie\server\middlewares\source.js:30:19)
    at Layer.handle [as handle_request] (C:\Users\User\OneDrive\Desktop\insie-winsie project file\insie-winsie\server\node_modules\express\lib\router\layer.js:95:5)
    at trim_prefix (C:\Users\User\OneDrive\Desktop\insie-winsie project file\insie-winsie\server\node_modules\express\lib\router\index.js:328:13)
    at C:\Users\User\OneDrive\Desktop\insie-winsie project file\insie-winsie\server\node_modules\express\lib\router\index.js:286:9
    at Function.process_params (C:\Users\User\OneDrive\Desktop\insie-winsie project file\insie-winsie\server\node_modules\express\lib\router\index.js:346:12)
    at next (C:\Users\User\OneDrive\Desktop\insie-winsie project file\insie-winsie\server\node_modules\express\lib\router\index.js:280:10)
    at internalNext (C:\Users\User\OneDrive\Desktop\insie-winsie project file\insie-winsie\server\node_modules\helmet\dist\cjs\index.js:451:6)
    at xXssProtectionMiddleware (C:\Users\User\OneDrive\Desktop\insie-winsie project file\insie-winsie\server\node_modules\helmet\dist\cjs\index.js:330:3)
    at internalNext (C:\Users\User\OneDrive\Desktop\insie-winsie project file\insie-winsie\server\node_modules\helmet\dist\cjs\index.js:449:6)[0m
2022-08-23 21:20:05 [ERROR] [31m 	No origin found in request headers. 404 Error: No origin found in request headers.
    at Function.notFound (C:\Users\User\OneDrive\Desktop\insie-winsie project file\insie-winsie\server\errors\ApiError.js:17:12)
    at validateSource (C:\Users\User\OneDrive\Desktop\insie-winsie project file\insie-winsie\server\middlewares\source.js:30:19)
    at Layer.handle [as handle_request] (C:\Users\User\OneDrive\Desktop\insie-winsie project file\insie-winsie\server\node_modules\express\lib\router\layer.js:95:5)
    at trim_prefix (C:\Users\User\OneDrive\Desktop\insie-winsie project file\insie-winsie\server\node_modules\express\lib\router\index.js:328:13)
    at C:\Users\User\OneDrive\Desktop\insie-winsie project file\insie-winsie\server\node_modules\express\lib\router\index.js:286:9
    at Function.process_params (C:\Users\User\OneDrive\Desktop\insie-winsie project file\insie-winsie\server\node_modules\express\lib\router\index.js:346:12)
    at next (C:\Users\User\OneDrive\Desktop\insie-winsie project file\insie-winsie\server\node_modules\express\lib\router\index.js:280:10)
    at internalNext (C:\Users\User\OneDrive\Desktop\insie-winsie project file\insie-winsie\server\node_modules\helmet\dist\cjs\index.js:451:6)
    at xXssProtectionMiddleware (C:\Users\User\OneDrive\Desktop\insie-winsie project file\insie-winsie\server\node_modules\helmet\dist\cjs\index.js:330:3)
    at internalNext (C:\Users\User\OneDrive\Desktop\insie-winsie project file\insie-winsie\server\node_modules\helmet\dist\cjs\index.js:449:6)[0m
2022-08-23 21:20:05 [ERROR] [31m 	No origin found in request headers. 404 Error: No origin found in request headers.
    at Function.notFound (C:\Users\User\OneDrive\Desktop\insie-winsie project file\insie-winsie\server\errors\ApiError.js:17:12)
    at validateSource (C:\Users\User\OneDrive\Desktop\insie-winsie project file\insie-winsie\server\middlewares\source.js:30:19)
    at Layer.handle [as handle_request] (C:\Users\User\OneDrive\Desktop\insie-winsie project file\insie-winsie\server\node_modules\express\lib\router\layer.js:95:5)
    at trim_prefix (C:\Users\User\OneDrive\Desktop\insie-winsie project file\insie-winsie\server\node_modules\express\lib\router\index.js:328:13)
    at C:\Users\User\OneDrive\Desktop\insie-winsie project file\insie-winsie\server\node_modules\express\lib\router\index.js:286:9
    at Function.process_params (C:\Users\User\OneDrive\Desktop\insie-winsie project file\insie-winsie\server\node_modules\express\lib\router\index.js:346:12)
    at next (C:\Users\User\OneDrive\Desktop\insie-winsie project file\insie-winsie\server\node_modules\express\lib\router\index.js:280:10)
    at internalNext (C:\Users\User\OneDrive\Desktop\insie-winsie project file\insie-winsie\server\node_modules\helmet\dist\cjs\index.js:451:6)
    at xXssProtectionMiddleware (C:\Users\User\OneDrive\Desktop\insie-winsie project file\insie-winsie\server\node_modules\helmet\dist\cjs\index.js:330:3)
    at internalNext (C:\Users\User\OneDrive\Desktop\insie-winsie project file\insie-winsie\server\node_modules\helmet\dist\cjs\index.js:449:6)[0m
2022-08-23 21:20:05 [ERROR] [31m 	No origin found in request headers. 404 Error: No origin found in request headers.
    at Function.notFound (C:\Users\User\OneDrive\Desktop\insie-winsie project file\insie-winsie\server\errors\ApiError.js:17:12)
    at validateSource (C:\Users\User\OneDrive\Desktop\insie-winsie project file\insie-winsie\server\middlewares\source.js:30:19)
    at Layer.handle [as handle_request] (C:\Users\User\OneDrive\Desktop\insie-winsie project file\insie-winsie\server\node_modules\express\lib\router\layer.js:95:5)
    at trim_prefix (C:\Users\User\OneDrive\Desktop\insie-winsie project file\insie-winsie\server\node_modules\express\lib\router\index.js:328:13)
    at C:\Users\User\OneDrive\Desktop\insie-winsie project file\insie-winsie\server\node_modules\express\lib\router\index.js:286:9
    at Function.process_params (C:\Users\User\OneDrive\Desktop\insie-winsie project file\insie-winsie\server\node_modules\express\lib\router\index.js:346:12)
    at next (C:\Users\User\OneDrive\Desktop\insie-winsie project file\insie-winsie\server\node_modules\express\lib\router\index.js:280:10)
    at internalNext (C:\Users\User\OneDrive\Desktop\insie-winsie project file\insie-winsie\server\node_modules\helmet\dist\cjs\index.js:451:6)
    at xXssProtectionMiddleware (C:\Users\User\OneDrive\Desktop\insie-winsie project file\insie-winsie\server\node_modules\helmet\dist\cjs\index.js:330:3)
    at internalNext (C:\Users\User\OneDrive\Desktop\insie-winsie project file\insie-winsie\server\node_modules\helmet\dist\cjs\index.js:449:6)[0m
2022-08-23 21:20:05 [ERROR] [31m 	No origin found in request headers. 404 Error: No origin found in request headers.
    at Function.notFound (C:\Users\User\OneDrive\Desktop\insie-winsie project file\insie-winsie\server\errors\ApiError.js:17:12)
    at validateSource (C:\Users\User\OneDrive\Desktop\insie-winsie project file\insie-winsie\server\middlewares\source.js:30:19)
    at Layer.handle [as handle_request] (C:\Users\User\OneDrive\Desktop\insie-winsie project file\insie-winsie\server\node_modules\express\lib\router\layer.js:95:5)
    at trim_prefix (C:\Users\User\OneDrive\Desktop\insie-winsie project file\insie-winsie\server\node_modules\express\lib\router\index.js:328:13)
    at C:\Users\User\OneDrive\Desktop\insie-winsie project file\insie-winsie\server\node_modules\express\lib\router\index.js:286:9
    at Function.process_params (C:\Users\User\OneDrive\Desktop\insie-winsie project file\insie-winsie\server\node_modules\express\lib\router\index.js:346:12)
    at next (C:\Users\User\OneDrive\Desktop\insie-winsie project file\insie-winsie\server\node_modules\express\lib\router\index.js:280:10)
    at internalNext (C:\Users\User\OneDrive\Desktop\insie-winsie project file\insie-winsie\server\node_modules\helmet\dist\cjs\index.js:451:6)
    at xXssProtectionMiddleware (C:\Users\User\OneDrive\Desktop\insie-winsie project file\insie-winsie\server\node_modules\helmet\dist\cjs\index.js:330:3)
    at internalNext (C:\Users\User\OneDrive\Desktop\insie-winsie project file\insie-winsie\server\node_modules\helmet\dist\cjs\index.js:449:6)[0m
2022-08-23 21:20:05 [ERROR] [31m 	No origin found in request headers. 404 Error: No origin found in request headers.
    at Function.notFound (C:\Users\User\OneDrive\Desktop\insie-winsie project file\insie-winsie\server\errors\ApiError.js:17:12)
    at validateSource (C:\Users\User\OneDrive\Desktop\insie-winsie project file\insie-winsie\server\middlewares\source.js:30:19)
    at Layer.handle [as handle_request] (C:\Users\User\OneDrive\Desktop\insie-winsie project file\insie-winsie\server\node_modules\express\lib\router\layer.js:95:5)
    at trim_prefix (C:\Users\User\OneDrive\Desktop\insie-winsie project file\insie-winsie\server\node_modules\express\lib\router\index.js:328:13)
    at C:\Users\User\OneDrive\Desktop\insie-winsie project file\insie-winsie\server\node_modules\express\lib\router\index.js:286:9
    at Function.process_params (C:\Users\User\OneDrive\Desktop\insie-winsie project file\insie-winsie\server\node_modules\express\lib\router\index.js:346:12)
    at next (C:\Users\User\OneDrive\Desktop\insie-winsie project file\insie-winsie\server\node_modules\express\lib\router\index.js:280:10)
    at internalNext (C:\Users\User\OneDrive\Desktop\insie-winsie project file\insie-winsie\server\node_modules\helmet\dist\cjs\index.js:451:6)
    at xXssProtectionMiddleware (C:\Users\User\OneDrive\Desktop\insie-winsie project file\insie-winsie\server\node_modules\helmet\dist\cjs\index.js:330:3)
    at internalNext (C:\Users\User\OneDrive\Desktop\insie-winsie project file\insie-winsie\server\node_modules\helmet\dist\cjs\index.js:449:6)[0m
2022-08-23 21:20:05 [ERROR] [31m 	No origin found in request headers. 404 Error: No origin found in request headers.
    at Function.notFound (C:\Users\User\OneDrive\Desktop\insie-winsie project file\insie-winsie\server\errors\ApiError.js:17:12)
    at validateSource (C:\Users\User\OneDrive\Desktop\insie-winsie project file\insie-winsie\server\middlewares\source.js:30:19)
    at Layer.handle [as handle_request] (C:\Users\User\OneDrive\Desktop\insie-winsie project file\insie-winsie\server\node_modules\express\lib\router\layer.js:95:5)
    at trim_prefix (C:\Users\User\OneDrive\Desktop\insie-winsie project file\insie-winsie\server\node_modules\express\lib\router\index.js:328:13)
    at C:\Users\User\OneDrive\Desktop\insie-winsie project file\insie-winsie\server\node_modules\express\lib\router\index.js:286:9
    at Function.process_params (C:\Users\User\OneDrive\Desktop\insie-winsie project file\insie-winsie\server\node_modules\express\lib\router\index.js:346:12)
    at next (C:\Users\User\OneDrive\Desktop\insie-winsie project file\insie-winsie\server\node_modules\express\lib\router\index.js:280:10)
    at internalNext (C:\Users\User\OneDrive\Desktop\insie-winsie project file\insie-winsie\server\node_modules\helmet\dist\cjs\index.js:451:6)
    at xXssProtectionMiddleware (C:\Users\User\OneDrive\Desktop\insie-winsie project file\insie-winsie\server\node_modules\helmet\dist\cjs\index.js:330:3)
    at internalNext (C:\Users\User\OneDrive\Desktop\insie-winsie project file\insie-winsie\server\node_modules\helmet\dist\cjs\index.js:449:6)[0m
