2022-08-12T07:12:25.315Z [INFO   ] Hello distributed log files!
2022-08-12T07:13:06.091Z [INFO   ] Hello distributed log files!
2022-08-12T07:13:11.225Z [INFO   ] Hello distributed log files!
2022-08-12T07:13:14.185Z [INFO   ] Hello distributed log files!
2022-08-12T07:13:54.320Z [INFO   ] Hello distributed log files!
2022-08-12T07:14:00.454Z [INFO   ] Hello distributed log files!
2022-08-12T07:14:11.231Z [INFO   ] Hello distributed log files!
2022-08-12T07:14:28.344Z [INFO   ] Hello distributed log files!
2022-08-12T07:14:39.345Z [INFO   ] Database Synced.
2022-08-12T07:14:43.054Z [INFO   ] Database Synced.
2022-08-12T07:15:02.347Z [INFO   ] Database Synced.
2022-08-12T07:15:02.354Z [INFO   ] Database Synced.
2022-08-12T07:15:12.321Z [INFO   ] Database Synced.
2022-08-12T07:15:12.327Z [INFO   ] Server listening on port: 5000
2022-08-12T07:15:14.989Z [INFO   ] Database Synced.
2022-08-12T07:15:14.994Z [INFO   ] Server listening on port: 5000.
2022-08-12T07:15:16.943Z [INFO   ] Database Synced.
2022-08-12T07:15:16.947Z [INFO   ] Server listening on port: 5000.
2022-08-12T07:15:35.309Z [INFO   ] Database Synced
2022-08-12T07:15:35.314Z [INFO   ] Server listening on port: 5000
2022-08-12T07:19:29.480Z [INFO   ] Database Synced
2022-08-12T07:19:29.491Z [INFO   ] Server listening on port: 5000
2022-08-12T07:23:57.899Z [INFO   ] Database Synced
2022-08-12T07:23:57.904Z [INFO   ] Server listening on port: 5000
2022-08-12T07:24:16.312Z [INFO   ] Database Synced
2022-08-12T07:24:16.321Z [INFO   ] Server listening on port: 5000
2022-08-12T07:24:57.230Z [INFO   ] Database Synced
2022-08-12T07:24:57.235Z [INFO   ] Server listening on port: 5000
2022-08-12T07:25:43.836Z [INFO   ] Database Synced
2022-08-12T07:25:43.842Z [INFO   ] Server listening on port: 5000
2022-08-12T07:26:27.495Z [INFO   ] Database Synced
2022-08-12T07:26:27.502Z [INFO   ] Server listening on port: 5000
2022-08-12T07:26:33.350Z [INFO   ] Database Synced
2022-08-12T07:26:33.355Z [INFO   ] Server listening on port: 5000
2022-08-12T07:26:37.212Z [INFO   ] Database Synced
2022-08-12T07:26:37.216Z [INFO   ] Server listening on port: 5000
2022-08-12T07:26:46.976Z [INFO   ] Database Synced
2022-08-12T07:26:46.980Z [INFO   ] Server listening on port: 5000
2022-08-12T07:27:35.934Z [INFO   ] Database Synced
2022-08-12T07:27:35.939Z [INFO   ] Server listening on port: 5000
2022-08-12T07:27:47.950Z [INFO   ] Database Synced
2022-08-12T07:27:47.960Z [INFO   ] Server listening on port: 5000
2022-08-12T07:27:49.359Z [INFO   ] ::1
2022-08-12T07:27:49.427Z [INFO   ] ::1
2022-08-12T07:27:56.163Z [INFO   ] Database Synced
2022-08-12T07:27:56.170Z [INFO   ] Server listening on port: 5000
2022-08-12T07:28:04.118Z [INFO   ] Database Synced
2022-08-12T07:28:04.124Z [INFO   ] Server listening on port: 5000
2022-08-12T07:28:12.881Z [INFO   ] ::1
2022-08-12T07:28:12.939Z [INFO   ] ::1
2022-08-12T07:28:34.752Z [INFO   ] ::1
2022-08-12T07:28:34.779Z [INFO   ] ::1
2022-08-12T07:28:38.666Z [INFO   ] ::1
2022-08-12T07:28:38.677Z [INFO   ] ::1
2022-08-12T07:29:25.143Z [INFO   ] Database Synced
2022-08-12T07:29:25.150Z [INFO   ] Server listening on port: 5000
2022-08-12T07:30:31.093Z [INFO   ] Database Synced
2022-08-12T07:30:31.100Z [INFO   ] Server listening on port: 5000
2022-08-12T07:30:38.311Z [INFO   ] Database Synced
2022-08-12T07:30:38.316Z [INFO   ] Server listening on port: 5000
2022-08-12T07:30:42.614Z [INFO   ] ::1 localhost
2022-08-12T07:30:42.662Z [INFO   ] ::1 localhost
2022-08-12T07:31:58.583Z [INFO   ] Database Synced
2022-08-12T07:31:58.590Z [INFO   ] Server listening on port: 5000
2022-08-12T07:31:58.796Z [INFO   ] ::1 localhost Mozilla/5.0 (Windows NT 10.0; Win64; x64) AppleWebKit/537.36 (KHTML, like Gecko) Chrome/104.0.0.0 Safari/537.36
2022-08-12T07:31:58.853Z [INFO   ] ::1 localhost Mozilla/5.0 (Windows NT 10.0; Win64; x64) AppleWebKit/537.36 (KHTML, like Gecko) Chrome/104.0.0.0 Safari/537.36
2022-08-12T07:33:04.457Z [INFO   ] Database Synced
2022-08-12T07:33:04.462Z [INFO   ] Server listening on port: 5000
2022-08-12T07:33:18.275Z [INFO   ] Database Synced
2022-08-12T07:33:18.278Z [INFO   ] Server listening on port: 5000
2022-08-12T07:33:18.922Z [INFO   ] GET ::1 localhost Mozilla/5.0 (Windows NT 10.0; Win64; x64) AppleWebKit/537.36 (KHTML, like Gecko) Chrome/104.0.0.0 Safari/537.36
2022-08-12T07:33:18.989Z [INFO   ] GET ::1 localhost Mozilla/5.0 (Windows NT 10.0; Win64; x64) AppleWebKit/537.36 (KHTML, like Gecko) Chrome/104.0.0.0 Safari/537.36
2022-08-12T07:35:35.596Z [INFO   ] Database Synced
2022-08-12T07:35:35.601Z [INFO   ] Server listening on port: 5000
2022-08-12T07:35:58.381Z [INFO   ] Database Synced
2022-08-12T07:35:58.386Z [INFO   ] Server listening on port: 5000
2022-08-12T07:36:26.662Z [INFO   ] Database Synced
2022-08-12T07:36:26.666Z [INFO   ] Server listening on port: 5000
2022-08-12T07:36:31.238Z [INFO   ] Database Synced
2022-08-12T07:36:31.242Z [INFO   ] Server listening on port: 5000
2022-08-12T07:36:34.605Z [INFO   ] Database Synced
2022-08-12T07:36:34.609Z [INFO   ] Server listening on port: 5000
2022-08-12T07:37:01.765Z [INFO   ] Database Synced
2022-08-12T07:37:01.769Z [INFO   ] Server listening on port: 5000
2022-08-12T07:37:06.935Z [INFO   ] Database Synced
2022-08-12T07:37:06.939Z [INFO   ] Server listening on port: 5000
2022-08-12T07:37:18.624Z [INFO   ] Database Synced
2022-08-12T07:37:18.628Z [INFO   ] Server listening on port: 5000
2022-08-12T07:37:22.476Z [INFO   ] Database Synced
2022-08-12T07:37:22.480Z [INFO   ] Server listening on port: 5000
2022-08-12T07:38:12.144Z [INFO   ] Database Synced
2022-08-12T07:38:12.149Z [INFO   ] Server listening on port: 5000
2022-08-12T07:39:06.453Z [INFO   ] Database Synced
2022-08-12T07:39:06.457Z [INFO   ] Server listening on port: 5000
2022-08-12T07:39:34.956Z [INFO   ] Database Synced
2022-08-12T07:39:34.959Z [INFO   ] Server listening on port: 5000
2022-08-12T07:39:40.207Z [INFO   ] Database Synced
2022-08-12T07:39:40.210Z [INFO   ] Server listening on port: 5000
2022-08-12T07:39:43.989Z [INFO   ] Database Synced
2022-08-12T07:39:43.993Z [INFO   ] Server listening on port: 5000
2022-08-12T07:39:48.479Z [INFO   ] Database Synced
2022-08-12T07:39:48.483Z [INFO   ] Server listening on port: 5000
2022-08-12T09:24:18.824Z [INFO   ] GET ::1 localhost Mozilla/5.0 (Windows NT 10.0; Win64; x64) AppleWebKit/537.36 (KHTML, like Gecko) Chrome/104.0.0.0 Safari/537.36
2022-08-12T09:24:18.898Z [INFO   ] GET ::1 localhost Mozilla/5.0 (Windows NT 10.0; Win64; x64) AppleWebKit/537.36 (KHTML, like Gecko) Chrome/104.0.0.0 Safari/537.36
2022-08-12T09:24:48.550Z [INFO   ] Database Synced
2022-08-12T09:24:48.553Z [INFO   ] Server listening on port: 5000
2022-08-12T09:24:54.591Z [INFO   ] Database Synced
2022-08-12T09:24:54.594Z [INFO   ] Server listening on port: 5000
2022-08-12T09:25:05.463Z [INFO   ] Database Synced
2022-08-12T09:25:05.468Z [INFO   ] Server listening on port: 5000
2022-08-12T09:25:10.049Z [INFO   ] Database Synced
2022-08-12T09:25:10.052Z [INFO   ] Server listening on port: 5000
2022-08-12T09:25:33.103Z [INFO   ] Database Synced
2022-08-12T09:25:33.107Z [INFO   ] Server listening on port: 5000
